<?xml version="1.0" encoding="UTF-8"?>
<!-- Generated by org.testng.reporters.JUnitReportReporter -->
<testsuite hostname="vemulapallypc" failures="0" tests="2" name="demo.DataFromVarugTest" time="0.021" errors="0" timestamp="2022-09-13T10:41:23 IST" skipped="0">
  <testcase classname="demo.DataFromVarugTest" name="getdata" time="0.017"/>
  <system-out/>
  <testcase classname="demo.DataFromVarugTest" name="readata" time="0.004"/>
  <system-out/>
</testsuite> <!-- demo.DataFromVarugTest -->
