<?xml version="1.0" encoding="UTF-8"?>
<!-- Generated by org.testng.reporters.JUnitReportReporter -->
<testsuite hostname="vemulapallypc" failures="0" tests="1" name="demo.newcl" time="0.010" errors="0" timestamp="2022-09-13T11:28:01 IST" skipped="0">
  <testcase classname="demo.newcl" name="getdata" time="0.010"/>
  <system-out/>
</testsuite> <!-- demo.newcl -->
