<?xml version="1.0" encoding="UTF-8"?>
<!-- Generated by org.testng.reporters.JUnitReportReporter -->
<testsuite hostname="vemulapallypc" failures="0" tests="1" name="demo.DataFromVarugTest" time="0.010" errors="0" timestamp="2022-09-09T11:54:55 IST" skipped="0">
  <testcase classname="demo.DataFromVarugTest" name="readata" time="0.010"/>
  <system-out/>
</testsuite> <!-- demo.DataFromVarugTest -->
