<?xml version="1.0" encoding="UTF-8"?>
<!-- Generated by org.testng.reporters.JUnitReportReporter -->
<testsuite hostname="vemulapallypc" failures="0" tests="2" name="demo.DataFromVarugTest" time="0.016" errors="0" timestamp="2022-09-13T11:27:12 IST" skipped="0">
  <testcase classname="demo.DataFromVarugTest" name="read" time="0.009"/>
  <system-out/>
  <testcase classname="demo.DataFromVarugTest" name="readata" time="0.007"/>
  <system-out/>
</testsuite> <!-- demo.DataFromVarugTest -->
