<?xml version="1.0" encoding="UTF-8"?>
<!-- Generated by org.testng.reporters.JUnitReportReporter -->
<testsuite hostname="vemulapallypc" failures="0" tests="4" name="demo.DemoTest" time="0.016" errors="0" timestamp="2022-09-09T11:54:36 IST" skipped="0">
  <testcase classname="demo.DemoTest" name="ornmodifyTest" time="0.002"/>
  <system-out/>
  <testcase classname="demo.DemoTest" name="DeleteorgTest" time="0.010"/>
  <system-out/>
  <testcase classname="demo.DemoTest" name="demo1Test" time="0.002"/>
  <system-out/>
  <testcase classname="demo.DemoTest" name="orgnameTest" time="0.002"/>
  <system-out/>
</testsuite> <!-- demo.DemoTest -->
