<?xml version="1.0" encoding="UTF-8"?>
<!-- Generated by org.testng.reporters.JUnitReportReporter -->
<testsuite hostname="vemulapallypc" failures="0" tests="1" name="demo.Demo" time="0.012" errors="0" timestamp="2022-09-08T11:28:34 IST" skipped="0">
  <testcase classname="demo.Demo" name="demo1" time="0.012"/>
  <system-out/>
</testsuite> <!-- demo.Demo -->
