<?xml version="1.0" encoding="UTF-8"?>
<!-- Generated by org.testng.reporters.JUnitReportReporter -->
<testsuite skipped="0" hostname="vemulapallypc" name="demo.DataFromVarugTest" tests="1" failures="0" timestamp="2022-09-09T11:37:57 IST" time="0.011" errors="0">
  <testcase name="readata" time="0.011" classname="demo.DataFromVarugTest"/>
  <system-out/>
</testsuite> <!-- demo.DataFromVarugTest -->
