<?xml version="1.0" encoding="UTF-8"?>
<!-- Generated by org.testng.reporters.JUnitReportReporter -->
<testsuite skipped="0" hostname="vemulapallypc" name="demo.DemoTest" tests="1" failures="0" timestamp="2022-09-09T11:00:55 IST" time="0.005" errors="0">
  <testcase name="orgnameTest" time="0.005" classname="demo.DemoTest"/>
  <system-out/>
</testsuite> <!-- demo.DemoTest -->
