<?xml version="1.0" encoding="UTF-8"?>
<!-- Generated by org.testng.reporters.JUnitReportReporter -->
<testsuite skipped="0" hostname="vemulapallypc" name="demo.ThisISTest" tests="1" failures="0" timestamp="2022-09-09T10:18:25 IST" time="0.000" errors="0">
  <testcase name="runtime" time="0.000" classname="demo.ThisISTest"/>
  <system-out/>
</testsuite> <!-- demo.ThisISTest -->
